2011-03-07 01:06:52 Error: Fatal Error (256): ConnectionManager::getDataSource - Non-existent data source default in [C:\xampp\htdocs\cakephp\cake\libs\model\connection_manager.php, line 102]
2011-03-07 01:07:37 Error: Fatal Error (256): ConnectionManager::getDataSource - Non-existent data source default in [C:\xampp\htdocs\cakephp\cake\libs\model\connection_manager.php, line 102]
2011-03-07 17:21:20 Warning: Warning (2): Missing argument 1 for RoundsController::__construct(), called in C:\xampp\htdocs\cakephp\cake\dispatcher.php on line 388 and defined in [C:\xampp\htdocs\caketourney\controllers\rounds_controller.php, line 8]
2011-03-07 17:21:20 Warning: Warning (2): Missing argument 2 for RoundsController::__construct(), called in C:\xampp\htdocs\cakephp\cake\dispatcher.php on line 388 and defined in [C:\xampp\htdocs\caketourney\controllers\rounds_controller.php, line 8]
2011-03-07 17:21:20 Warning: Warning (2): Missing argument 3 for RoundsController::__construct(), called in C:\xampp\htdocs\cakephp\cake\dispatcher.php on line 388 and defined in [C:\xampp\htdocs\caketourney\controllers\rounds_controller.php, line 8]
2011-03-07 17:21:20 Warning: Warning (2): Missing argument 4 for RoundsController::__construct(), called in C:\xampp\htdocs\cakephp\cake\dispatcher.php on line 388 and defined in [C:\xampp\htdocs\caketourney\controllers\rounds_controller.php, line 8]
2011-03-07 17:44:33 Warning: Warning (512): <span style="color:Red;text-align:left"><b>SQL Error:</b> 1062: Duplicate entry '0' for key 'PRIMARY'</span> in [C:\xampp\htdocs\cakephp\cake\libs\model\datasources\dbo_source.php, line 684]
2011-03-07 20:09:27 Warning: Warning (512): <span style="color:Red;text-align:left"><b>SQL Error:</b> 1100: Table 'matches' was not locked with LOCK TABLES</span> in [C:\xampp\htdocs\cakephp\cake\libs\model\datasources\dbo_source.php, line 684]
2011-03-07 20:09:27 Warning: Warning (512): <span style="color:Red;text-align:left"><b>SQL Error:</b> 1100: Table 'User' was not locked with LOCK TABLES</span> in [C:\xampp\htdocs\cakephp\cake\libs\model\datasources\dbo_source.php, line 684]
2011-03-08 16:40:01 Warning: Warning (2): shuffle() expects parameter 1 to be array, null given in [C:\xampp\htdocs\caketourney\app\controllers\k_o_tournaments_controller.php, line 29]
2011-03-08 17:05:42 Warning: Warning (2): Missing argument 5 for RoundsController::generate_with_matchups(), called in C:\xampp\htdocs\caketourney\app\controllers\k_o_tournaments_controller.php on line 51 and defined in [C:\xampp\htdocs\caketourney\app\controllers\rounds_controller.php, line 36]
2011-03-08 17:40:31 Warning: Warning (512): <span style="color:Red;text-align:left"><b>SQL Error:</b> 1048: Column 'player2_id' cannot be null</span> in [C:\xampp\htdocs\caketourney\cake\libs\model\datasources\dbo_source.php, line 684]
2011-03-08 18:15:15 Warning: Warning (512): <span style="color:Red;text-align:left"><b>SQL Error:</b> 1054: Unknown column 'Round.number' in 'where clause'</span> in [C:\xampp\htdocs\caketourney\cake\libs\model\datasources\dbo_source.php, line 684]
2011-03-09 23:12:19 Warning: Warning (2): Cannot modify header information - headers already sent by (output started at C:\xampp\htdocs\caketourney\cake\libs\debugger.php:673) in [C:\xampp\htdocs\caketourney\cake\libs\controller\controller.php, line 742]
2011-03-09 23:13:15 Warning: Warning (2): Cannot modify header information - headers already sent by (output started at C:\xampp\htdocs\caketourney\cake\libs\debugger.php:673) in [C:\xampp\htdocs\caketourney\cake\libs\controller\controller.php, line 742]
2011-03-09 23:22:58 Warning: Warning (2): Cannot modify header information - headers already sent by (output started at C:\xampp\htdocs\caketourney\cake\basics.php:119) in [C:\xampp\htdocs\caketourney\cake\libs\controller\controller.php, line 742]
2011-03-09 23:24:16 Warning: Warning (2): Cannot modify header information - headers already sent by (output started at C:\xampp\htdocs\caketourney\cake\basics.php:119) in [C:\xampp\htdocs\caketourney\cake\libs\controller\controller.php, line 742]
2011-03-09 23:26:42 Warning: Warning (2): Invalid argument supplied for foreach() in [C:\xampp\htdocs\caketourney\app\views\k_o_tournaments\view.ctp, line 9]
2011-03-10 15:04:44 Warning: Warning (512): Method RaceHelper::replace does not exist in [C:\xampp\htdocs\caketourney\cake\libs\view\helper.php, line 154]
2011-03-10 15:05:03 Warning: Warning (512): Method RaceHelper::replace does not exist in [C:\xampp\htdocs\caketourney\cake\libs\view\helper.php, line 154]
2011-03-11 18:09:52 Warning: Warning (2): Invalid argument supplied for foreach() in [C:\xampp\htdocs\caketourney\app\views\k_o_tournaments\seed.ctp, line 6]
2011-03-11 18:18:11 Warning: Warning (2): Invalid argument supplied for foreach() in [C:\xampp\htdocs\caketourney\app\views\k_o_tournaments\seed.ctp, line 6]
2011-03-11 18:18:24 Warning: Warning (2): Invalid argument supplied for foreach() in [C:\xampp\htdocs\caketourney\app\views\k_o_tournaments\seed.ctp, line 6]
2011-03-11 18:19:02 Warning: Warning (2): Invalid argument supplied for foreach() in [C:\xampp\htdocs\caketourney\app\views\k_o_tournaments\seed.ctp, line 8]
2011-03-11 18:31:27 Warning: Warning (512): <span style="color:Red;text-align:left"><b>SQL Error:</b> 1054: Unknown column 'Array' in 'field list'</span> in [C:\xampp\htdocs\caketourney\cake\libs\model\datasources\dbo_source.php, line 684]
2011-03-11 18:36:18 Warning: Warning (512): <span style="color:Red;text-align:left"><b>SQL Error:</b> 1054: Unknown column 'Array' in 'field list'</span> in [C:\xampp\htdocs\caketourney\cake\libs\model\datasources\dbo_source.php, line 684]
2011-03-11 18:37:08 Warning: Warning (512): <span style="color:Red;text-align:left"><b>SQL Error:</b> 1054: Unknown column 'Array' in 'field list'</span> in [C:\xampp\htdocs\caketourney\cake\libs\model\datasources\dbo_source.php, line 684]
2011-03-11 18:54:22 Warning: Warning (2): Invalid argument supplied for foreach() in [C:\xampp\htdocs\caketourney\app\views\k_o_tournaments\seed.ctp, line 8]
2011-03-13 19:26:14 Warning: Warning (512): <span style="color:Red;text-align:left"><b>SQL Error:</b> 1054: Unknown column 'Ranking.match_points' in 'order clause'</span> in [C:\xampp\htdocs\caketourney\cake\libs\model\datasources\dbo_source.php, line 684]
2011-03-13 19:27:19 Warning: Warning (512): <span style="color:Red;text-align:left"><b>SQL Error:</b> 1054: Unknown column 'Ranking.match_points' in 'order clause'</span> in [C:\xampp\htdocs\caketourney\cake\libs\model\datasources\dbo_source.php, line 684]
2011-03-13 19:38:53 Warning: Warning (512): <span style="color:Red;text-align:left"><b>SQL Error:</b> 1054: Unknown column 'Ranking.mach_point' in 'where clause'</span> in [C:\xampp\htdocs\caketourney\cake\libs\model\datasources\dbo_source.php, line 684]
2011-03-13 19:38:53 Warning: Warning (2): shuffle() expects parameter 1 to be array, boolean given in [C:\xampp\htdocs\caketourney\app\controllers\swiss_tournaments_controller.php, line 217]
2011-03-13 19:38:53 Warning: Warning (2): Invalid argument supplied for foreach() in [C:\xampp\htdocs\caketourney\app\controllers\swiss_tournaments_controller.php, line 220]
2011-03-13 19:38:53 Warning: Warning (2): Invalid argument supplied for foreach() in [C:\xampp\htdocs\caketourney\app\controllers\swiss_tournaments_controller.php, line 162]
2011-03-13 19:40:17 Warning: Warning (512): <span style="color:Red;text-align:left"><b>SQL Error:</b> 1054: Unknown column 'Ranking.mach_point' in 'where clause'</span> in [C:\xampp\htdocs\caketourney\cake\libs\model\datasources\dbo_source.php, line 684]
2011-03-13 19:40:17 Warning: Warning (2): shuffle() expects parameter 1 to be array, boolean given in [C:\xampp\htdocs\caketourney\app\controllers\swiss_tournaments_controller.php, line 217]
2011-03-13 19:40:17 Warning: Warning (2): Invalid argument supplied for foreach() in [C:\xampp\htdocs\caketourney\app\controllers\swiss_tournaments_controller.php, line 220]
2011-03-13 19:40:17 Warning: Warning (2): Invalid argument supplied for foreach() in [C:\xampp\htdocs\caketourney\app\controllers\swiss_tournaments_controller.php, line 162]
2011-03-13 20:01:36 Warning: Warning (512): <span style="color:Red;text-align:left"><b>SQL Error:</b> 1054: Unknown column 'round_id' in 'where clause'</span> in [C:\xampp\htdocs\caketourney\cake\libs\model\datasources\dbo_source.php, line 684]
2011-03-13 20:01:36 Warning: Warning (2): Invalid argument supplied for foreach() in [C:\xampp\htdocs\caketourney\app\controllers\swiss_tournaments_controller.php, line 178]
2011-03-13 20:03:51 Warning: Warning (2): Invalid argument supplied for foreach() in [C:\xampp\htdocs\caketourney\app\controllers\swiss_tournaments_controller.php, line 178]
2011-03-13 20:04:21 Warning: Warning (2): Invalid argument supplied for foreach() in [C:\xampp\htdocs\caketourney\app\controllers\swiss_tournaments_controller.php, line 178]
2011-03-13 20:05:13 Warning: Warning (2): Invalid argument supplied for foreach() in [C:\xampp\htdocs\caketourney\app\controllers\swiss_tournaments_controller.php, line 178]
2011-03-13 20:05:38 Warning: Warning (2): Invalid argument supplied for foreach() in [C:\xampp\htdocs\caketourney\app\controllers\swiss_tournaments_controller.php, line 178]
2011-03-13 20:05:44 Warning: Warning (2): Invalid argument supplied for foreach() in [C:\xampp\htdocs\caketourney\app\controllers\swiss_tournaments_controller.php, line 178]
2011-03-13 20:05:47 Warning: Warning (2): Invalid argument supplied for foreach() in [C:\xampp\htdocs\caketourney\app\controllers\swiss_tournaments_controller.php, line 178]
2011-03-13 20:08:06 Warning: Warning (2): Invalid argument supplied for foreach() in [C:\xampp\htdocs\caketourney\app\controllers\swiss_tournaments_controller.php, line 178]
2011-03-13 20:08:24 Warning: Warning (2): Invalid argument supplied for foreach() in [C:\xampp\htdocs\caketourney\app\controllers\swiss_tournaments_controller.php, line 178]
2011-03-13 21:21:34 Warning: Warning (2): Invalid argument supplied for foreach() in [C:\xampp\htdocs\caketourney\app\controllers\swiss_tournaments_controller.php, line 178]
2011-03-13 21:22:04 Warning: Warning (2): Invalid argument supplied for foreach() in [C:\xampp\htdocs\caketourney\app\controllers\swiss_tournaments_controller.php, line 178]
2011-03-13 21:22:36 Warning: Warning (2): Invalid argument supplied for foreach() in [C:\xampp\htdocs\caketourney\app\controllers\swiss_tournaments_controller.php, line 178]
2011-03-13 21:23:26 Warning: Warning (2): Invalid argument supplied for foreach() in [C:\xampp\htdocs\caketourney\app\controllers\swiss_tournaments_controller.php, line 178]
2011-03-13 21:23:55 Warning: Warning (2): Invalid argument supplied for foreach() in [C:\xampp\htdocs\caketourney\app\controllers\swiss_tournaments_controller.php, line 178]
2011-03-13 21:24:13 Warning: Warning (2): Invalid argument supplied for foreach() in [C:\xampp\htdocs\caketourney\app\controllers\swiss_tournaments_controller.php, line 178]
2011-03-13 21:24:56 Warning: Warning (2): Invalid argument supplied for foreach() in [C:\xampp\htdocs\caketourney\app\controllers\swiss_tournaments_controller.php, line 178]
2011-03-13 21:30:29 Warning: Warning (2): array_push() expects parameter 1 to be array, null given in [C:\xampp\htdocs\caketourney\app\controllers\swiss_tournaments_controller.php, line 213]
2011-03-13 21:30:29 Warning: Warning (2): Invalid argument supplied for foreach() in [C:\xampp\htdocs\caketourney\app\controllers\swiss_tournaments_controller.php, line 178]
2011-03-13 21:48:37 Warning: Warning (2): Invalid argument supplied for foreach() in [C:\xampp\htdocs\caketourney\app\views\swiss_tournaments\view.ctp, line 9]
2011-03-13 21:49:51 Warning: Warning (512): <span style="color:Red;text-align:left"><b>SQL Error:</b> 1054: Unknown column 'Round.number' in 'where clause'</span> in [C:\xampp\htdocs\caketourney\cake\libs\model\datasources\dbo_source.php, line 684]
2011-03-13 22:16:42 Warning: Warning (2): Invalid argument supplied for foreach() in [C:\xampp\htdocs\caketourney\app\controllers\swiss_tournaments_controller.php, line 179]
2011-03-13 22:18:03 Warning: Warning (2): Invalid argument supplied for foreach() in [C:\xampp\htdocs\caketourney\app\controllers\swiss_tournaments_controller.php, line 180]
2011-03-13 22:18:26 Warning: Warning (2): Invalid argument supplied for foreach() in [C:\xampp\htdocs\caketourney\app\controllers\swiss_tournaments_controller.php, line 180]
2011-03-13 22:18:54 Warning: Warning (2): Invalid argument supplied for foreach() in [C:\xampp\htdocs\caketourney\app\controllers\swiss_tournaments_controller.php, line 181]
2011-03-13 22:19:35 Warning: Warning (2): Invalid argument supplied for foreach() in [C:\xampp\htdocs\caketourney\app\controllers\swiss_tournaments_controller.php, line 181]
2011-03-13 22:20:15 Warning: Warning (2): Invalid argument supplied for foreach() in [C:\xampp\htdocs\caketourney\app\controllers\swiss_tournaments_controller.php, line 181]
2011-03-13 22:22:50 Warning: Warning (2): Invalid argument supplied for foreach() in [C:\xampp\htdocs\caketourney\app\controllers\swiss_tournaments_controller.php, line 181]
2011-03-13 22:24:34 Warning: Warning (2): Invalid argument supplied for foreach() in [C:\xampp\htdocs\caketourney\app\controllers\swiss_tournaments_controller.php, line 181]
2011-03-13 22:24:43 Warning: Warning (2): Invalid argument supplied for foreach() in [C:\xampp\htdocs\caketourney\app\controllers\swiss_tournaments_controller.php, line 181]
2011-03-13 22:25:22 Warning: Warning (2): Invalid argument supplied for foreach() in [C:\xampp\htdocs\caketourney\app\controllers\swiss_tournaments_controller.php, line 181]
2011-03-13 22:25:34 Warning: Warning (2): Invalid argument supplied for foreach() in [C:\xampp\htdocs\caketourney\app\controllers\swiss_tournaments_controller.php, line 181]
2011-03-13 22:34:22 Warning: Warning (2): Invalid argument supplied for foreach() in [C:\xampp\htdocs\caketourney\app\views\swiss_tournaments\view.ctp, line 41]
2011-03-13 22:34:44 Warning: Warning (2): Invalid argument supplied for foreach() in [C:\xampp\htdocs\caketourney\app\views\swiss_tournaments\view.ctp, line 41]
2011-03-15 12:48:53 Warning: Warning (512): <span style="color:Red;text-align:left"><b>SQL Error:</b> 1054: Unknown column 'User.tournament_id' in 'where clause'</span> in [C:\xampp\htdocs\caketourney\cake\libs\model\datasources\dbo_source.php, line 684]
2011-03-15 12:54:24 Warning: Warning (512): <span style="color:Red;text-align:left"><b>SQL Error:</b> 1054: Unknown column 'User.tournament_id' in 'where clause'</span> in [C:\xampp\htdocs\caketourney\cake\libs\model\datasources\dbo_source.php, line 684]
2011-03-15 12:54:24 Warning: Warning (2): Missing argument 2 for KOTournamentsController::generate_seeded(), called in C:\xampp\htdocs\caketourney\app\controllers\swiss_tournaments_controller.php on line 105 and defined in [C:\xampp\htdocs\caketourney\app\controllers\k_o_tournaments_controller.php, line 98]
2011-03-15 12:54:31 Warning: Warning (2): Missing argument 2 for KOTournamentsController::generate_seeded(), called in C:\xampp\htdocs\caketourney\app\controllers\swiss_tournaments_controller.php on line 105 and defined in [C:\xampp\htdocs\caketourney\app\controllers\k_o_tournaments_controller.php, line 98]
2011-03-15 12:56:06 Warning: Warning (512): <span style="color:Red;text-align:left"><b>SQL Error:</b> 1054: Unknown column 'User.tournament_id' in 'where clause'</span> in [C:\xampp\htdocs\caketourney\cake\libs\model\datasources\dbo_source.php, line 684]
2011-03-15 12:56:07 Warning: Warning (2): Missing argument 1 for SwissTournamentsController::playoffs() in [C:\xampp\htdocs\caketourney\app\controllers\swiss_tournaments_controller.php, line 93]
2011-03-15 12:57:56 Warning: Warning (512): <span style="color:Red;text-align:left"><b>SQL Error:</b> 1054: Unknown column 'SwissTournament.17' in 'field list'</span> in [C:\xampp\htdocs\caketourney\cake\libs\model\datasources\dbo_source.php, line 684]
2011-03-15 12:57:56 Warning: Warning (2): Cannot unset offset in a non-array variable in [C:\xampp\htdocs\caketourney\app\app_controller.php, line 40]
2011-03-15 12:57:56 Warning: Warning (2): Cannot unset offset in a non-array variable in [C:\xampp\htdocs\caketourney\app\app_controller.php, line 41]
2011-03-15 14:13:06 Warning: Warning (512): <span style="color:Red;text-align:left"><b>SQL Error:</b> 1054: Unknown column 'User.tournament_id' in 'where clause'</span> in [C:\xampp\htdocs\caketourney\cake\libs\model\datasources\dbo_source.php, line 684]
2011-03-17 16:51:48 Warning: Warning (2): Cannot modify header information - headers already sent by (output started at C:\xampp\htdocs\caketourney\cake\libs\debugger.php:673) in [C:\xampp\htdocs\caketourney\cake\libs\controller\controller.php, line 742]
2011-03-17 16:52:18 Warning: Warning (2): Cannot modify header information - headers already sent by (output started at C:\xampp\htdocs\caketourney\cake\libs\debugger.php:673) in [C:\xampp\htdocs\caketourney\cake\libs\controller\controller.php, line 742]
2011-03-17 17:02:52 Warning: Warning (512): <span style="color:Red;text-align:left"><b>SQL Error:</b> 1054: Unknown column 'user_id' in 'where clause'</span> in [C:\xampp\htdocs\caketourney\cake\libs\model\datasources\dbo_source.php, line 684]
2011-03-17 17:03:52 Warning: Warning (512): <span style="color:Red;text-align:left"><b>SQL Error:</b> 1054: Unknown column 'Tournament.id' in 'where clause'</span> in [C:\xampp\htdocs\caketourney\cake\libs\model\datasources\dbo_source.php, line 684]
2011-03-17 17:04:33 Warning: Warning (512): <span style="color:Red;text-align:left"><b>SQL Error:</b> 1054: Unknown column 'Tournament.user_id' in 'where clause'</span> in [C:\xampp\htdocs\caketourney\cake\libs\model\datasources\dbo_source.php, line 684]
2011-03-17 17:04:38 Warning: Warning (512): <span style="color:Red;text-align:left"><b>SQL Error:</b> 1054: Unknown column 'SwissTournament.user_id' in 'where clause'</span> in [C:\xampp\htdocs\caketourney\cake\libs\model\datasources\dbo_source.php, line 684]
2011-03-17 17:04:40 Warning: Warning (512): <span style="color:Red;text-align:left"><b>SQL Error:</b> 1054: Unknown column 'SwissTournament.user_id' in 'where clause'</span> in [C:\xampp\htdocs\caketourney\cake\libs\model\datasources\dbo_source.php, line 684]
2011-03-17 17:06:00 Warning: Warning (512): <span style="color:Red;text-align:left"><b>SQL Error:</b> 1054: Unknown column 'User.id' in 'where clause'</span> in [C:\xampp\htdocs\caketourney\cake\libs\model\datasources\dbo_source.php, line 684]
2011-03-17 17:06:28 Warning: Warning (512): <span style="color:Red;text-align:left"><b>SQL Error:</b> 1054: Unknown column 'User.id' in 'where clause'</span> in [C:\xampp\htdocs\caketourney\cake\libs\model\datasources\dbo_source.php, line 684]
2011-03-17 17:06:54 Warning: Warning (512): <span style="color:Red;text-align:left"><b>SQL Error:</b> 1054: Unknown column 'SwissTournament.user_id' in 'where clause'</span> in [C:\xampp\htdocs\caketourney\cake\libs\model\datasources\dbo_source.php, line 684]
2011-03-17 17:14:40 Warning: Warning (512): <span style="color:Red;text-align:left"><b>SQL Error:</b> 1054: Unknown column 'UsersTournament.user_id' in 'where clause'</span> in [C:\xampp\htdocs\caketourney\cake\libs\model\datasources\dbo_source.php, line 684]
2011-03-17 17:26:43 Warning: Warning (512): <span style="color:Red;text-align:left"><b>SQL Error:</b> 1054: Unknown column 'User.tournament_id' in 'where clause'</span> in [C:\xampp\htdocs\caketourney\cake\libs\model\datasources\dbo_source.php, line 684]
2011-03-17 17:27:10 Warning: Warning (512): <span style="color:Red;text-align:left"><b>SQL Error:</b> 1054: Unknown column 'User.tournament_id' in 'where clause'</span> in [C:\xampp\htdocs\caketourney\cake\libs\model\datasources\dbo_source.php, line 684]
2011-03-17 17:27:34 Warning: Warning (512): <span style="color:Red;text-align:left"><b>SQL Error:</b> 1054: Unknown column 'User.tournament_id' in 'where clause'</span> in [C:\xampp\htdocs\caketourney\cake\libs\model\datasources\dbo_source.php, line 684]
2011-03-17 17:28:04 Warning: Warning (512): <span style="color:Red;text-align:left"><b>SQL Error:</b> 1054: Unknown column 'User.tournament_id' in 'where clause'</span> in [C:\xampp\htdocs\caketourney\cake\libs\model\datasources\dbo_source.php, line 684]
2011-03-17 17:28:14 Warning: Warning (512): <span style="color:Red;text-align:left"><b>SQL Error:</b> 1054: Unknown column 'User.tournament_id' in 'where clause'</span> in [C:\xampp\htdocs\caketourney\cake\libs\model\datasources\dbo_source.php, line 684]
2011-03-17 17:28:15 Warning: Warning (512): <span style="color:Red;text-align:left"><b>SQL Error:</b> 1054: Unknown column 'User.tournament_id' in 'where clause'</span> in [C:\xampp\htdocs\caketourney\cake\libs\model\datasources\dbo_source.php, line 684]
2011-03-17 17:29:38 Warning: Warning (512): <span style="color:Red;text-align:left"><b>SQL Error:</b> 1054: Unknown column 'User.tournament_id' in 'where clause'</span> in [C:\xampp\htdocs\caketourney\cake\libs\model\datasources\dbo_source.php, line 684]
2011-03-17 17:30:34 Warning: Warning (512): <span style="color:Red;text-align:left"><b>SQL Error:</b> 1054: Unknown column 'User.tournament_id' in 'where clause'</span> in [C:\xampp\htdocs\caketourney\cake\libs\model\datasources\dbo_source.php, line 684]
2011-03-17 17:30:46 Warning: Warning (512): <span style="color:Red;text-align:left"><b>SQL Error:</b> 1054: Unknown column 'User.tournament_id' in 'where clause'</span> in [C:\xampp\htdocs\caketourney\cake\libs\model\datasources\dbo_source.php, line 684]
2011-03-17 17:32:32 Warning: Warning (512): <span style="color:Red;text-align:left"><b>SQL Error:</b> 1054: Unknown column 'User.tournament_id' in 'where clause'</span> in [C:\xampp\htdocs\caketourney\cake\libs\model\datasources\dbo_source.php, line 684]
2011-03-17 17:33:14 Warning: Warning (512): <span style="color:Red;text-align:left"><b>SQL Error:</b> 1054: Unknown column 'User.tournament_id' in 'where clause'</span> in [C:\xampp\htdocs\caketourney\cake\libs\model\datasources\dbo_source.php, line 684]
2011-03-17 17:35:35 Warning: Warning (512): <span style="color:Red;text-align:left"><b>SQL Error:</b> 1054: Unknown column 'UsersTournament.tournament_id' in 'where clause'</span> in [C:\xampp\htdocs\caketourney\cake\libs\model\datasources\dbo_source.php, line 684]
2011-03-17 17:37:01 Warning: Warning (2): Invalid argument supplied for foreach() in [C:\xampp\htdocs\caketourney\app\controllers\swiss_tournaments_controller.php, line 236]
2011-03-17 17:38:12 Warning: Warning (2): Invalid argument supplied for foreach() in [C:\xampp\htdocs\caketourney\app\controllers\swiss_tournaments_controller.php, line 236]
2011-03-17 17:40:25 Warning: Warning (2): Invalid argument supplied for foreach() in [C:\xampp\htdocs\caketourney\app\controllers\swiss_tournaments_controller.php, line 236]
2011-03-17 17:41:45 Warning: Warning (2): Invalid argument supplied for foreach() in [C:\xampp\htdocs\caketourney\app\controllers\swiss_tournaments_controller.php, line 236]
2011-03-17 17:43:09 Warning: Warning (2): Invalid argument supplied for foreach() in [C:\xampp\htdocs\caketourney\app\controllers\swiss_tournaments_controller.php, line 236]
2011-03-17 17:49:53 Warning: Warning (2): Invalid argument supplied for foreach() in [C:\xampp\htdocs\caketourney\app\controllers\swiss_tournaments_controller.php, line 236]
2011-03-20 19:21:36 Warning: Warning (2): mysql_real_escape_string() expects parameter 1 to be string, object given in [C:\xampp\htdocs\caketourney\cake\libs\model\datasources\dbo\dbo_mysql.php, line 671]
2011-03-20 19:40:08 Warning: Warning (512): <span style="color:Red;text-align:left"><b>SQL Error:</b> 1054: Unknown column 'Post.date_posted' in 'order clause'</span> in [C:\xampp\htdocs\caketourney\cake\libs\model\datasources\dbo_source.php, line 684]
2011-03-20 19:40:08 Warning: Warning (2): Invalid argument supplied for foreach() in [C:\xampp\htdocs\caketourney\app\views\threads\index.ctp, line 13]
2011-03-20 20:43:43 Warning: Warning (512): <span style="color:Red;text-align:left"><b>SQL Error:</b> 1064: You have an error in your SQL syntax; check the manual that corresponds to your MySQL server version for the right syntax to use near 'order = ('date_posted asc')' at line 1</span> in [C:\xampp\htdocs\caketourney\cake\libs\model\datasources\dbo_source.php, line 684]
2011-03-20 20:43:43 Warning: Warning (512): <span style="color:Red;text-align:left"><b>SQL Error:</b> 1064: You have an error in your SQL syntax; check the manual that corresponds to your MySQL server version for the right syntax to use near 'order = ('date_posted asc')   ORDER BY `Thread`.`date_modified` desc  LIMIT 25' at line 1</span> in [C:\xampp\htdocs\caketourney\cake\libs\model\datasources\dbo_source.php, line 684]
2011-03-20 20:44:12 Warning: Warning (512): <span style="color:Red;text-align:left"><b>SQL Error:</b> 1064: You have an error in your SQL syntax; check the manual that corresponds to your MySQL server version for the right syntax to use near 'order = ('Post.date_posted asc')' at line 1</span> in [C:\xampp\htdocs\caketourney\cake\libs\model\datasources\dbo_source.php, line 684]
2011-03-20 20:44:12 Warning: Warning (512): <span style="color:Red;text-align:left"><b>SQL Error:</b> 1064: You have an error in your SQL syntax; check the manual that corresponds to your MySQL server version for the right syntax to use near 'order = ('Post.date_posted asc')   ORDER BY `Thread`.`date_modified` desc  LIMIT' at line 1</span> in [C:\xampp\htdocs\caketourney\cake\libs\model\datasources\dbo_source.php, line 684]
2011-03-20 20:44:26 Warning: Warning (512): <span style="color:Red;text-align:left"><b>SQL Error:</b> 1064: You have an error in your SQL syntax; check the manual that corresponds to your MySQL server version for the right syntax to use near 'order = ('Thread.Post.date_posted asc')' at line 1</span> in [C:\xampp\htdocs\caketourney\cake\libs\model\datasources\dbo_source.php, line 684]
2011-03-20 20:44:26 Warning: Warning (512): <span style="color:Red;text-align:left"><b>SQL Error:</b> 1064: You have an error in your SQL syntax; check the manual that corresponds to your MySQL server version for the right syntax to use near 'order = ('Thread.Post.date_posted asc')   ORDER BY `Thread`.`date_modified` desc' at line 1</span> in [C:\xampp\htdocs\caketourney\cake\libs\model\datasources\dbo_source.php, line 684]
2011-03-20 20:44:26 Warning: Warning (512): <span style="color:Red;text-align:left"><b>SQL Error:</b> 1054: Unknown column 'Thread.Post.date_posted' in 'order clause'</span> in [C:\xampp\htdocs\caketourney\cake\libs\model\datasources\dbo_source.php, line 684]
2011-03-20 21:32:11 Warning: Warning (512): <span style="color:Red;text-align:left"><b>SQL Error:</b> 1064: You have an error in your SQL syntax; check the manual that corresponds to your MySQL server version for the right syntax to use near 'order = ('Post.date_posted asc')' at line 1</span> in [C:\xampp\htdocs\caketourney\cake\libs\model\datasources\dbo_source.php, line 684]
2011-03-20 21:32:11 Warning: Warning (512): <span style="color:Red;text-align:left"><b>SQL Error:</b> 1064: You have an error in your SQL syntax; check the manual that corresponds to your MySQL server version for the right syntax to use near 'order = ('Post.date_posted asc')   ORDER BY `Thread`.`date_modified` desc  LIMIT' at line 1</span> in [C:\xampp\htdocs\caketourney\cake\libs\model\datasources\dbo_source.php, line 684]
2011-03-20 21:32:11 Warning: Warning (512): <span style="color:Red;text-align:left"><b>SQL Error:</b> 1054: Unknown column 'Thread.Post.date_posted' in 'order clause'</span> in [C:\xampp\htdocs\caketourney\cake\libs\model\datasources\dbo_source.php, line 684]
2011-03-20 21:32:28 Warning: Warning (512): <span style="color:Red;text-align:left"><b>SQL Error:</b> 1064: You have an error in your SQL syntax; check the manual that corresponds to your MySQL server version for the right syntax to use near 'order = ('date_posted asc')' at line 1</span> in [C:\xampp\htdocs\caketourney\cake\libs\model\datasources\dbo_source.php, line 684]
2011-03-20 21:32:28 Warning: Warning (512): <span style="color:Red;text-align:left"><b>SQL Error:</b> 1064: You have an error in your SQL syntax; check the manual that corresponds to your MySQL server version for the right syntax to use near 'order = ('date_posted asc')   ORDER BY `Thread`.`date_modified` desc  LIMIT 25' at line 1</span> in [C:\xampp\htdocs\caketourney\cake\libs\model\datasources\dbo_source.php, line 684]
2011-03-20 21:32:28 Warning: Warning (512): <span style="color:Red;text-align:left"><b>SQL Error:</b> 1054: Unknown column 'Thread.Post.date_posted' in 'order clause'</span> in [C:\xampp\htdocs\caketourney\cake\libs\model\datasources\dbo_source.php, line 684]
2011-03-20 21:35:45 Warning: Warning (512): <span style="color:Red;text-align:left"><b>SQL Error:</b> 1054: Unknown column 'Thread.Post.date_posted' in 'order clause'</span> in [C:\xampp\htdocs\caketourney\cake\libs\model\datasources\dbo_source.php, line 684]
2011-03-20 22:36:59 Warning: Warning (2): Cannot unset offset in a non-array variable in [C:\xampp\htdocs\caketourney\app\app_controller.php, line 40]
2011-03-20 22:36:59 Warning: Warning (2): Cannot unset offset in a non-array variable in [C:\xampp\htdocs\caketourney\app\app_controller.php, line 41]
2011-03-20 22:41:33 Warning: Warning (2): preg_replace() [<a href='http://php.net/function.preg-replace'>function.preg-replace</a>]: Compilation failed: missing ) at offset 19 in [C:\xampp\htdocs\caketourney\app\views\helpers\bbcode.php, line 80]
2011-03-20 22:44:47 Warning: Warning (2): preg_replace() [<a href='http://php.net/function.preg-replace'>function.preg-replace</a>]: Compilation failed: missing ) at offset 19 in [C:\xampp\htdocs\caketourney\app\views\helpers\bbcode.php, line 80]
2011-03-20 22:50:55 Warning: Warning (2): preg_replace() [<a href='http://php.net/function.preg-replace'>function.preg-replace</a>]: Compilation failed: missing ) at offset 21 in [C:\xampp\htdocs\caketourney\app\views\helpers\bbcode.php, line 78]
2011-03-20 22:57:46 Warning: Warning (2): Cannot unset offset in a non-array variable in [C:\xampp\htdocs\caketourney\app\app_controller.php, line 40]
2011-03-20 22:57:46 Warning: Warning (2): Cannot unset offset in a non-array variable in [C:\xampp\htdocs\caketourney\app\app_controller.php, line 41]
2011-03-20 22:58:01 Warning: Warning (2): Cannot unset offset in a non-array variable in [C:\xampp\htdocs\caketourney\app\app_controller.php, line 40]
2011-03-20 22:58:01 Warning: Warning (2): Cannot unset offset in a non-array variable in [C:\xampp\htdocs\caketourney\app\app_controller.php, line 41]
2011-03-20 22:59:06 Warning: Warning (2): Cannot unset offset in a non-array variable in [C:\xampp\htdocs\caketourney\app\app_controller.php, line 40]
2011-03-20 22:59:06 Warning: Warning (2): Cannot unset offset in a non-array variable in [C:\xampp\htdocs\caketourney\app\app_controller.php, line 41]
2011-03-20 23:28:44 Warning: Warning (2): require_once(vendor.php) [<a href='http://php.net/function.require-once'>function.require-once</a>]: failed to open stream: No such file or directory in [C:\xampp\htdocs\caketourney\app\views\helpers\bbcode.php, line 21]
2011-03-22 17:42:29 Warning: Warning (2): Cannot modify header information - headers already sent by (output started at C:\xampp\htdocs\caketourney\cake\libs\debugger.php:673) in [C:\xampp\htdocs\caketourney\cake\libs\controller\controller.php, line 742]
2011-03-22 17:42:51 Warning: Warning (2): Cannot modify header information - headers already sent by (output started at C:\xampp\htdocs\caketourney\cake\libs\debugger.php:673) in [C:\xampp\htdocs\caketourney\cake\libs\controller\controller.php, line 742]
2011-03-22 17:46:17 Warning: Warning (512): Method BbcodeHelper::htmlize does not exist in [C:\xampp\htdocs\caketourney\cake\libs\view\helper.php, line 154]
2011-03-23 20:54:24 Warning: Warning (2): Cannot modify header information - headers already sent by (output started at C:\xampp\htdocs\caketourney\cake\libs\debugger.php:673) in [C:\xampp\htdocs\caketourney\cake\libs\controller\controller.php, line 742]
2011-03-23 22:26:24 Warning: Warning (2): Invalid argument supplied for foreach() in [C:\xampp\htdocs\caketourney\app\controllers\swiss_tournaments_controller.php, line 54]
2011-03-23 22:26:24 Warning: Warning (2): shuffle() expects parameter 1 to be array, string given in [C:\xampp\htdocs\caketourney\app\controllers\swiss_tournaments_controller.php, line 363]
2011-03-23 22:26:24 Warning: Warning (2): Cannot modify header information - headers already sent by (output started at C:\xampp\htdocs\caketourney\cake\libs\debugger.php:673) in [C:\xampp\htdocs\caketourney\cake\libs\controller\controller.php, line 742]
2011-03-23 22:26:41 Warning: Warning (2): Missing argument 1 for MatchesController::post_comment() in [C:\xampp\htdocs\caketourney\app\controllers\matches_controller.php, line 156]
2011-03-29 17:16:16 Warning: Warning (512): <span style="color:Red;text-align:left"><b>SQL Error:</b> 1054: Unknown column 'User.Signup.tournament_id' in 'where clause'</span> in [C:\xampp\htdocs\caketourney\cake\libs\model\datasources\dbo_source.php, line 684]
2011-03-29 17:16:44 Warning: Warning (512): <span style="color:Red;text-align:left"><b>SQL Error:</b> 1054: Unknown column 'Signup.tournament_id' in 'where clause'</span> in [C:\xampp\htdocs\caketourney\cake\libs\model\datasources\dbo_source.php, line 684]
2011-03-29 17:19:21 Warning: Warning (512): <span style="color:Red;text-align:left"><b>SQL Error:</b> 1054: Unknown column 'Signup.tournament_id' in 'where clause'</span> in [C:\xampp\htdocs\caketourney\cake\libs\model\datasources\dbo_source.php, line 684]
2011-03-29 17:25:03 Warning: Warning (512): <span style="color:Red;text-align:left"><b>SQL Error:</b> 1054: Unknown column 'User.Signup.tournament_id' in 'where clause'</span> in [C:\xampp\htdocs\caketourney\cake\libs\model\datasources\dbo_source.php, line 684]
2011-03-29 17:40:07 Warning: Warning (512): <span style="color:Red;text-align:left"><b>SQL Error:</b> 1054: Unknown column 'Signup.tournament_id' in 'where clause'</span> in [C:\xampp\htdocs\caketourney\cake\libs\model\datasources\dbo_source.php, line 684]
2011-04-10 15:17:49 Warning: Warning (4096): Object of class MatchesController could not be converted to string in [C:\xampp\htdocs\caketourney\app\controllers\matches_controller.php, line 185]
2011-04-13 18:02:37 Warning: Warning (512): Method FormHelper::labelTag does not exist in [C:\xampp\htdocs\caketourney\cake\libs\view\helper.php, line 154]
2011-04-13 18:02:37 Warning: Warning (512): Method HtmlHelper::file does not exist in [C:\xampp\htdocs\caketourney\cake\libs\view\helper.php, line 154]
2011-04-13 18:04:51 Warning: Warning (2): Invalid argument supplied for foreach() in [C:\xampp\htdocs\caketourney\app\plugins\file_upload\vendors\uploader.php, line 196]
2011-04-13 18:05:37 Warning: Warning (2): Invalid argument supplied for foreach() in [C:\xampp\htdocs\caketourney\app\plugins\file_upload\vendors\uploader.php, line 196]
2011-04-13 18:05:56 Warning: Warning (2): Invalid argument supplied for foreach() in [C:\xampp\htdocs\caketourney\app\plugins\file_upload\vendors\uploader.php, line 196]
2011-04-26 17:59:15 Warning: Warning (512): Method BracketHelper::dummyboxes does not exist in [C:\xampp\htdocs\caketourney\cake\libs\view\helper.php, line 154]
